Traceback (most recent call last):
  File "/Users/angadhnanjangud/opt/anaconda3/envs/spacecraft-dynamics/lib/python3.8/site-packages/jupyter_cache/executors/utils.py", line 51, in single_nb_execution
    executenb(
  File "/Users/angadhnanjangud/opt/anaconda3/envs/spacecraft-dynamics/lib/python3.8/site-packages/nbclient/client.py", line 1204, in execute
    return NotebookClient(nb=nb, resources=resources, km=km, **kwargs).execute()
  File "/Users/angadhnanjangud/opt/anaconda3/envs/spacecraft-dynamics/lib/python3.8/site-packages/nbclient/util.py", line 84, in wrapped
    return just_run(coro(*args, **kwargs))
  File "/Users/angadhnanjangud/opt/anaconda3/envs/spacecraft-dynamics/lib/python3.8/site-packages/nbclient/util.py", line 62, in just_run
    return loop.run_until_complete(coro)
  File "/Users/angadhnanjangud/opt/anaconda3/envs/spacecraft-dynamics/lib/python3.8/asyncio/base_events.py", line 616, in run_until_complete
    return future.result()
  File "/Users/angadhnanjangud/opt/anaconda3/envs/spacecraft-dynamics/lib/python3.8/site-packages/nbclient/client.py", line 663, in async_execute
    await self.async_execute_cell(
  File "/Users/angadhnanjangud/opt/anaconda3/envs/spacecraft-dynamics/lib/python3.8/site-packages/nbclient/client.py", line 965, in async_execute_cell
    await self._check_raise_for_error(cell, cell_index, exec_reply)
  File "/Users/angadhnanjangud/opt/anaconda3/envs/spacecraft-dynamics/lib/python3.8/site-packages/nbclient/client.py", line 862, in _check_raise_for_error
    raise CellExecutionError.from_cell_and_msg(cell, exec_reply_content)
nbclient.exceptions.CellExecutionError: An error occurred while executing the following cell:
------------------
from sympy import symbols, sin, cos
from sympy.physics.mechanics import ReferenceFrame, Point, dynamicsymbols
N = ReferenceFrame('N')
P = Point('P')
m_P = 2 # mass of P
r_OP = 3*N.x + 6*N.y + 4*N.z
P.set_vel(N, 5*N.y)
N_v_P = P.vel(N)
angular_momentum = r_OP.cross(m_P*N_v_P)
angular_momentum
------------------

[0;31m---------------------------------------------------------------------------[0m
[0;31mModuleNotFoundError[0m                       Traceback (most recent call last)
Cell [0;32mIn [1], line 1[0m
[0;32m----> 1[0m [38;5;28;01mfrom[39;00m [38;5;21;01msympy[39;00m [38;5;28;01mimport[39;00m symbols, sin, cos
[1;32m      2[0m [38;5;28;01mfrom[39;00m [38;5;21;01msympy[39;00m[38;5;21;01m.[39;00m[38;5;21;01mphysics[39;00m[38;5;21;01m.[39;00m[38;5;21;01mmechanics[39;00m [38;5;28;01mimport[39;00m ReferenceFrame, Point, dynamicsymbols
[1;32m      3[0m N [38;5;241m=[39m ReferenceFrame([38;5;124m'[39m[38;5;124mN[39m[38;5;124m'[39m)

[0;31mModuleNotFoundError[0m: No module named 'sympy'
ModuleNotFoundError: No module named 'sympy'

